"../../../Engine/Content/Functions/Engine_MaterialFunctions01/Opacity/CameraDepthFade.uasset" 0
"../../../Engine/Content/Functions/Engine_MaterialFunctions01/Opacity/CameraDepthFade.uexp" 1
"../../../Engine/Content/EngineMaterials/T_Default_Material_Grid_N.uasset" 2
"../../../Engine/Content/EngineMaterials/T_Default_Material_Grid_N.uexp" 3
"../../../Engine/Content/EngineMaterials/T_Default_Material_Grid_N.ubulk" 4
"../../../Engine/Content/EngineMaterials/T_Default_Material_Grid_M.uasset" 5
"../../../Engine/Content/EngineMaterials/T_Default_Material_Grid_M.uexp" 6
"../../../Engine/Content/EngineMaterials/T_Default_Material_Grid_M.ubulk" 7
"../../../Engine/Content/EngineMaterials/WorldGridMaterial.uasset" 8
"../../../Engine/Content/EngineMaterials/WorldGridMaterial.uexp" 9
"../../../Engine/Content/ArtTools/RenderToTexture/Meshes/S_1_Unit_Plane.uasset" 10
"../../../Engine/Content/ArtTools/RenderToTexture/Meshes/S_1_Unit_Plane.uexp" 11
"../../../Engine/Content/EngineMaterials/DefaultMaterial.uasset" 12
"../../../Engine/Content/EngineMaterials/DefaultMaterial.uexp" 13
"../../../Engine/Content/BasicShapes/Cone.uasset" 14
"../../../Engine/Content/BasicShapes/Cone.uexp" 15
"../../../Engine/Content/BasicShapes/Cube.uasset" 16
"../../../Engine/Content/BasicShapes/Cube.uexp" 17
"../../../Engine/Content/BasicShapes/Plane.uasset" 18
"../../../Engine/Content/BasicShapes/Plane.uexp" 19
"../../../Engine/Content/EditorLandscapeResources/DataLayer.uasset" 20
"../../../Engine/Content/EditorLandscapeResources/DataLayer.uexp" 21
"../../../Engine/Content/EditorLandscapeResources/DefaultAlphaTexture.uasset" 22
"../../../Engine/Content/EditorLandscapeResources/DefaultAlphaTexture.uexp" 23
"../../../Engine/Content/EditorMaterials/MAT_Groups_Toggle.uasset" 24
"../../../Engine/Content/EditorMaterials/MAT_Groups_Toggle.uexp" 25
"../../../Engine/Content/EditorMaterials/MAT_Groups_Visibility.uasset" 26
"../../../Engine/Content/EditorMaterials/MAT_Groups_Visibility.uexp" 27
"../../../Engine/Content/EditorMaterials/PreviewShadowIndicator.uasset" 28
"../../../Engine/Content/EditorMaterials/PreviewShadowIndicator.uexp" 29
"../../../Engine/Content/EditorMaterials/PreviewShadowIndicator.ubulk" 30
"../../../Engine/Content/EditorMaterials/PreviewShadowIndicatorMaterial.uasset" 31
"../../../Engine/Content/EditorMaterials/PreviewShadowIndicatorMaterial.uexp" 32
"../../../Engine/Content/EditorMaterials/MatineeGroups/MAT_ColorTrack.uasset" 33
"../../../Engine/Content/EditorMaterials/MatineeGroups/MAT_ColorTrack.uexp" 34
"../../../Engine/Content/EditorMaterials/MatineeGroups/MAT_Groups_Anim.uasset" 35
"../../../Engine/Content/EditorMaterials/MatineeGroups/MAT_Groups_Anim.uexp" 36
"../../../Engine/Content/EditorMaterials/MatineeGroups/MAT_Groups_AudioMaster.uasset" 37
"../../../Engine/Content/EditorMaterials/MatineeGroups/MAT_Groups_AudioMaster.uexp" 38
"../../../Engine/Content/EditorMaterials/MatineeGroups/MAT_Groups_Director.uasset" 39
"../../../Engine/Content/EditorMaterials/MatineeGroups/MAT_Groups_Director.uexp" 40
"../../../Engine/Content/EditorMaterials/MatineeGroups/MAT_Groups_Event.uasset" 41
"../../../Engine/Content/EditorMaterials/MatineeGroups/MAT_Groups_Event.uexp" 42
"../../../Engine/Content/EditorMaterials/MatineeGroups/MAT_Groups_Fade.uasset" 43
"../../../Engine/Content/EditorMaterials/MatineeGroups/MAT_Groups_Fade.uexp" 44
"../../../Engine/Content/EditorMaterials/MatineeGroups/MAT_Groups_Float.uasset" 45
"../../../Engine/Content/EditorMaterials/MatineeGroups/MAT_Groups_Float.uexp" 46
"../../../Engine/Content/EditorMaterials/MatineeGroups/MAT_Groups_Move.uasset" 47
"../../../Engine/Content/EditorMaterials/MatineeGroups/MAT_Groups_Move.uexp" 48
"../../../Engine/Content/EditorMaterials/MatineeGroups/MAT_Groups_Slomo.uasset" 49
"../../../Engine/Content/EditorMaterials/MatineeGroups/MAT_Groups_Slomo.uexp" 50
"../../../Engine/Content/EditorMaterials/MatineeGroups/MAT_Groups_Sound.uasset" 51
"../../../Engine/Content/EditorMaterials/MatineeGroups/MAT_Groups_Sound.uexp" 52
"../../../Engine/Content/EditorMaterials/MatineeGroups/MAT_Groups_Vector.uasset" 53
"../../../Engine/Content/EditorMaterials/MatineeGroups/MAT_Groups_Vector.uexp" 54
"../../../Engine/Content/EditorMaterials/ParticleSystems/PSysThumbnail_NoImage.uasset" 55
"../../../Engine/Content/EditorMaterials/ParticleSystems/PSysThumbnail_NoImage.uexp" 56
"../../../Engine/Content/EditorMaterials/ParticleSystems/PSysThumbnail_NoImage.ubulk" 57
"../../../Engine/Content/EditorMaterials/ParticleSystems/PSysThumbnail_OOD.uasset" 58
"../../../Engine/Content/EditorMaterials/ParticleSystems/PSysThumbnail_OOD.uexp" 59
"../../../Engine/Content/EditorMaterials/ParticleSystems/PSysThumbnail_OOD.ubulk" 60
"../../../Engine/Content/EditorMaterials/Camera/CineMat.uasset" 61
"../../../Engine/Content/EditorMaterials/Camera/CineMat.uexp" 62
"../../../Engine/Content/EditorMaterials/Camera/MI_CineMat_Rig.uasset" 63
"../../../Engine/Content/EditorMaterials/Camera/MI_CineMat_Rig.uexp" 64
"../../../Engine/Content/EditorMeshes/Camera/SM_CraneRig_Arm.uasset" 65
"../../../Engine/Content/EditorMeshes/Camera/SM_CraneRig_Arm.uexp" 66
"../../../Engine/Content/EditorMeshes/Camera/SM_CraneRig_Base.uasset" 67
"../../../Engine/Content/EditorMeshes/Camera/SM_CraneRig_Base.uexp" 68
"../../../Engine/Content/EditorMeshes/Camera/SM_CraneRig_Body.uasset" 69
"../../../Engine/Content/EditorMeshes/Camera/SM_CraneRig_Body.uexp" 70
"../../../Engine/Content/EditorMeshes/Camera/SM_CraneRig_Mount.uasset" 71
"../../../Engine/Content/EditorMeshes/Camera/SM_CraneRig_Mount.uexp" 72
"../../../Engine/Content/EditorMeshes/Camera/SM_RailRig_Mount.uasset" 73
"../../../Engine/Content/EditorMeshes/Camera/SM_RailRig_Mount.uexp" 74
"../../../Engine/Content/EditorMeshes/Camera/SM_RailRig_Track.uasset" 75
"../../../Engine/Content/EditorMeshes/Camera/SM_RailRig_Track.uexp" 76
"../../../Engine/Content/EditorResources/BSPVertex.uasset" 77
"../../../Engine/Content/EditorResources/BSPVertex.uexp" 78
"../../../Engine/Content/EditorResources/EmptyActor.uasset" 79
"../../../Engine/Content/EditorResources/EmptyActor.uexp" 80
"../../../Engine/Content/EditorResources/S_Actor.uasset" 81
"../../../Engine/Content/EditorResources/S_Actor.uexp" 82
"../../../Engine/Content/EditorResources/S_Actor.ubulk" 83
"../../../Engine/Content/EditorResources/S_Note.uasset" 84
"../../../Engine/Content/EditorResources/S_Note.uexp" 85
"../../../Engine/Content/EditorResources/S_Note.ubulk" 86
"../../../Engine/Content/EditorResources/S_Solver.uasset" 87
"../../../Engine/Content/EditorResources/S_Solver.uexp" 88
"../../../Engine/Content/EditorResources/S_Solver.ubulk" 89
"../../../Engine/Content/EditorResources/S_Terrain.uasset" 90
"../../../Engine/Content/EditorResources/S_Terrain.uexp" 91
"../../../Engine/Content/EditorResources/S_Terrain.ubulk" 92
"../../../Engine/Content/EditorResources/S_Trigger.uasset" 93
"../../../Engine/Content/EditorResources/S_Trigger.uexp" 94
"../../../Engine/Content/EditorResources/S_Trigger.ubulk" 95
"../../../Engine/Content/EditorResources/LightIcons/S_LightError.uasset" 96
"../../../Engine/Content/EditorResources/LightIcons/S_LightError.uexp" 97
"../../../Engine/Content/EditorResources/SequenceRecorder/Countdown.uasset" 98
"../../../Engine/Content/EditorResources/SequenceRecorder/Countdown.uexp" 99
"../../../Engine/Content/EditorResources/SequenceRecorder/RecordingIndicator.uasset" 100
"../../../Engine/Content/EditorResources/SequenceRecorder/RecordingIndicator.uexp" 101
"../../../Engine/Content/EngineDamageTypes/DmgTypeBP_Environmental.uasset" 102
"../../../Engine/Content/EngineDamageTypes/DmgTypeBP_Environmental.uexp" 103
"../../../Engine/Content/EngineDebugMaterials/DebugEditorMaterial.uasset" 104
"../../../Engine/Content/EngineDebugMaterials/DebugEditorMaterial.uexp" 105
"../../../Engine/Content/EngineDebugMaterials/DebugMeshMaterial.uasset" 106
"../../../Engine/Content/EngineDebugMaterials/DebugMeshMaterial.uexp" 107
"../../../Engine/Content/EngineDebugMaterials/M_SimpleUnlitTranslucent.uasset" 108
"../../../Engine/Content/EngineDebugMaterials/M_SimpleUnlitTranslucent.uexp" 109
"../../../Engine/Content/EngineDebugMaterials/VolumeToRender.uasset" 110
"../../../Engine/Content/EngineDebugMaterials/VolumeToRender.uexp" 111
"../../../Engine/Content/Functions/Engine_MaterialFunctions02/Utility/CameraDirectionVector.uasset" 112
"../../../Engine/Content/Functions/Engine_MaterialFunctions02/Utility/CameraDirectionVector.uexp" 113
"../../../Engine/Content/EngineDebugMaterials/M_VolumeRenderSphereTracePP.uasset" 114
"../../../Engine/Content/EngineDebugMaterials/M_VolumeRenderSphereTracePP.uexp" 115
"../../../Engine/Content/Functions/Engine_MaterialFunctions01/Shading/ConvertFromDiffSpec.uasset" 116
"../../../Engine/Content/Functions/Engine_MaterialFunctions01/Shading/ConvertFromDiffSpec.uexp" 117
"../../../Engine/Content/EngineDebugMaterials/VertexColorMaterial.uasset" 118
"../../../Engine/Content/EngineDebugMaterials/VertexColorMaterial.uexp" 119
"../../../Engine/Content/EngineDebugMaterials/WireframeMaterial.uasset" 120
"../../../Engine/Content/EngineDebugMaterials/WireframeMaterial.uexp" 121
"../../../Engine/Content/EngineFonts/Faces/RobotoRegular.uasset" 122
"../../../Engine/Content/EngineFonts/Faces/RobotoRegular.uexp" 123
"../../../Engine/Content/EngineFonts/Faces/RobotoRegular.ufont" 124
"../../../Engine/Content/EngineFonts/Faces/RobotoLight.uasset" 125
"../../../Engine/Content/EngineFonts/Faces/RobotoLight.uexp" 126
"../../../Engine/Content/EngineFonts/Faces/RobotoLight.ufont" 127
"../../../Engine/Content/EngineFonts/Faces/RobotoItalic.uasset" 128
"../../../Engine/Content/EngineFonts/Faces/RobotoItalic.uexp" 129
"../../../Engine/Content/EngineFonts/Faces/RobotoItalic.ufont" 130
"../../../Engine/Content/EngineFonts/Faces/RobotoBoldItalic.uasset" 131
"../../../Engine/Content/EngineFonts/Faces/RobotoBoldItalic.uexp" 132
"../../../Engine/Content/EngineFonts/Faces/RobotoBoldItalic.ufont" 133
"../../../Engine/Content/EngineFonts/Faces/RobotoBold.uasset" 134
"../../../Engine/Content/EngineFonts/Faces/RobotoBold.uexp" 135
"../../../Engine/Content/EngineFonts/Faces/RobotoBold.ufont" 136
"../../../Engine/Content/EngineFonts/Faces/DroidSansFallback.uasset" 137
"../../../Engine/Content/EngineFonts/Faces/DroidSansFallback.uexp" 138
"../../../Engine/Content/EngineFonts/Faces/DroidSansFallback.ufont" 139
"../../../Engine/Content/EngineFonts/Roboto.uasset" 140
"../../../Engine/Content/EngineFonts/Roboto.uexp" 141
"../../../Engine/Content/EngineMaterials/BaseFlattenNormalMap.uasset" 142
"../../../Engine/Content/EngineMaterials/BaseFlattenNormalMap.uexp" 143
"../../../Engine/Content/EngineMaterials/BaseFlattenGrayscaleMap.uasset" 144
"../../../Engine/Content/EngineMaterials/BaseFlattenGrayscaleMap.uexp" 145
"../../../Engine/Content/EngineMaterials/BaseFlattenEmissiveMap.uasset" 146
"../../../Engine/Content/EngineMaterials/BaseFlattenEmissiveMap.uexp" 147
"../../../Engine/Content/EngineMaterials/BaseFlattenDiffuseMap.uasset" 148
"../../../Engine/Content/EngineMaterials/BaseFlattenDiffuseMap.uexp" 149
"../../../Engine/Content/EngineMaterials/BaseFlattenMaterial.uasset" 150
"../../../Engine/Content/EngineMaterials/BaseFlattenMaterial.uexp" 151
"../../../Engine/Content/EngineMaterials/BlueNoise.uasset" 152
"../../../Engine/Content/EngineMaterials/BlueNoise.uexp" 153
"../../../Engine/Content/EngineMaterials/DefaultBloomKernel.uasset" 154
"../../../Engine/Content/EngineMaterials/DefaultBloomKernel.uexp" 155
"../../../Engine/Content/EngineMaterials/DefaultBokeh.uasset" 156
"../../../Engine/Content/EngineMaterials/DefaultBokeh.uexp" 157
"../../../Engine/Content/EngineMaterials/DefaultDiffuse.uasset" 158
"../../../Engine/Content/EngineMaterials/DefaultDiffuse.uexp" 159
"../../../Engine/Content/EngineMaterials/DefaultDiffuse.ubulk" 160
"../../../Engine/Content/EngineMaterials/DefaultDeferredDecalMaterial.uasset" 161
"../../../Engine/Content/EngineMaterials/DefaultDeferredDecalMaterial.uexp" 162
"../../../Engine/Content/EngineMaterials/DefaultLightFunctionMaterial.uasset" 163
"../../../Engine/Content/EngineMaterials/DefaultLightFunctionMaterial.uexp" 164
"../../../Engine/Content/EngineMaterials/DefaultPhysicalMaterial.uasset" 165
"../../../Engine/Content/EngineMaterials/DefaultPhysicalMaterial.uexp" 166
"../../../Engine/Content/Functions/Engine_MaterialFunctions02/Utility/BreakOutFloat2Components.uasset" 167
"../../../Engine/Content/Functions/Engine_MaterialFunctions02/Utility/BreakOutFloat2Components.uexp" 168
"../../../Engine/Content/EngineMaterials/DefaultPostProcessMaterial.uasset" 169
"../../../Engine/Content/EngineMaterials/DefaultPostProcessMaterial.uexp" 170
"../../../Engine/Content/EngineFonts/RobotoDistanceField.uasset" 171
"../../../Engine/Content/EngineFonts/RobotoDistanceField.uexp" 172
"../../../Engine/Content/EngineMaterials/DefaultTextMaterialOpaque.uasset" 173
"../../../Engine/Content/EngineMaterials/DefaultTextMaterialOpaque.uexp" 174
"../../../Engine/Content/EngineMaterials/DefaultWhiteGrid.uasset" 175
"../../../Engine/Content/EngineMaterials/DefaultWhiteGrid.uexp" 176
"../../../Engine/Content/EngineMaterials/DefaultWhiteGrid.ubulk" 177
"../../../Engine/Content/EngineMaterials/DefaultWhiteGrid_Low.uasset" 178
"../../../Engine/Content/EngineMaterials/DefaultWhiteGrid_Low.uexp" 179
"../../../Engine/Content/EngineMaterials/EmissiveMeshMaterial.uasset" 180
"../../../Engine/Content/EngineMaterials/EmissiveMeshMaterial.uexp" 181
"../../../Engine/Content/EngineMaterials/GizmoMaterial.uasset" 182
"../../../Engine/Content/EngineMaterials/GizmoMaterial.uexp" 183
"../../../Engine/Content/EngineMaterials/Good64x64TilingNoiseHighFreq.uasset" 184
"../../../Engine/Content/EngineMaterials/Good64x64TilingNoiseHighFreq.uexp" 185
"../../../Engine/Content/EngineMaterials/MiniFont.uasset" 186
"../../../Engine/Content/EngineMaterials/MiniFont.uexp" 187
"../../../Engine/Content/EngineMaterials/InvalidLightmapSettings.uasset" 188
"../../../Engine/Content/EngineMaterials/InvalidLightmapSettings.uexp" 189
"../../../Engine/Content/EngineMaterials/InvalidLightmapSettings.ubulk" 190
"../../../Engine/Content/EngineMaterials/M_InvalidLightmapSettings.uasset" 191
"../../../Engine/Content/EngineMaterials/M_InvalidLightmapSettings.uexp" 192
"../../../Engine/Content/Functions/Engine_MaterialFunctions02/WorldPositionOffset/CameraOffset.uasset" 193
"../../../Engine/Content/Functions/Engine_MaterialFunctions02/WorldPositionOffset/CameraOffset.uexp" 194
"../../../Engine/Content/EngineMaterials/PhAT_JointLimitMaterial.uasset" 195
"../../../Engine/Content/EngineMaterials/PhAT_JointLimitMaterial.uexp" 196
"../../../Engine/Content/EngineMaterials/DefaultCalibrationColor.uasset" 197
"../../../Engine/Content/EngineMaterials/DefaultCalibrationColor.uexp" 198
"../../../Engine/Content/EngineMaterials/PPM_DefaultCalibrationColor.uasset" 199
"../../../Engine/Content/EngineMaterials/PPM_DefaultCalibrationColor.uexp" 200
"../../../Engine/Content/EngineMaterials/DefaultCalibrationGrayscale.uasset" 201
"../../../Engine/Content/EngineMaterials/DefaultCalibrationGrayscale.uexp" 202
"../../../Engine/Content/EngineMaterials/PPM_DefaultCalibrationGrayscale.uasset" 203
"../../../Engine/Content/EngineMaterials/PPM_DefaultCalibrationGrayscale.uexp" 204
"../../../Engine/Content/EngineMaterials/PreintegratedSkinBRDF.uasset" 205
"../../../Engine/Content/EngineMaterials/PreintegratedSkinBRDF.uexp" 206
"../../../Engine/Content/EngineMaterials/RemoveSurfaceMaterial.uasset" 207
"../../../Engine/Content/EngineMaterials/RemoveSurfaceMaterial.uexp" 208
"../../../Engine/Content/EngineMaterials/WeightMapPlaceholderTexture.uasset" 209
"../../../Engine/Content/EngineMaterials/WeightMapPlaceholderTexture.uexp" 210
"../../../Engine/Content/EngineResources/WhiteSquareTexture.uasset" 211
"../../../Engine/Content/EngineResources/WhiteSquareTexture.uexp" 212
"../../../Engine/Content/EngineMaterials/Widget3DPassThrough.uasset" 213
"../../../Engine/Content/EngineMaterials/Widget3DPassThrough.uexp" 214
"../../../Engine/Content/EngineMaterials/Widget3DPassThrough_Masked.uasset" 215
"../../../Engine/Content/EngineMaterials/Widget3DPassThrough_Masked.uexp" 216
"../../../Engine/Content/EngineMaterials/Widget3DPassThrough_Opaque.uasset" 217
"../../../Engine/Content/EngineMaterials/Widget3DPassThrough_Opaque.uexp" 218
"../../../Engine/Content/EngineMaterials/Widget3DPassThrough_Masked_OneSided.uasset" 219
"../../../Engine/Content/EngineMaterials/Widget3DPassThrough_Masked_OneSided.uexp" 220
"../../../Engine/Content/EngineMaterials/Widget3DPassThrough_Opaque_OneSided.uasset" 221
"../../../Engine/Content/EngineMaterials/Widget3DPassThrough_Opaque_OneSided.uexp" 222
"../../../Engine/Content/EngineMaterials/Widget3DPassThrough_Translucent.uasset" 223
"../../../Engine/Content/EngineMaterials/Widget3DPassThrough_Translucent.uexp" 224
"../../../Engine/Content/EngineMaterials/Widget3DPassThrough_Translucent_OneSided.uasset" 225
"../../../Engine/Content/EngineMaterials/Widget3DPassThrough_Translucent_OneSided.uexp" 226
"../../../Engine/Content/EngineMeshes/Cylinder.uasset" 227
"../../../Engine/Content/EngineMeshes/Cylinder.uexp" 228
"../../../Engine/Content/EngineMeshes/Sphere.uasset" 229
"../../../Engine/Content/EngineMeshes/Sphere.uexp" 230
"../../../Engine/Content/EngineResources/DefaultTexture.uasset" 231
"../../../Engine/Content/EngineResources/DefaultTexture.uexp" 232
"../../../Engine/Content/EngineResources/DefaultTexture.ubulk" 233
"../../../Engine/Content/EngineResources/DefaultTextureCube.uasset" 234
"../../../Engine/Content/EngineResources/DefaultTextureCube.uexp" 235
"../../../Engine/Content/EngineResources/DefaultVolumeTexture2D.uasset" 236
"../../../Engine/Content/EngineResources/DefaultVolumeTexture2D.uexp" 237
"../../../Engine/Content/EngineResources/DefaultVolumeTexture.uasset" 238
"../../../Engine/Content/EngineResources/DefaultVolumeTexture.uexp" 239
"../../../Engine/Content/EngineResources/GradientTexture0.uasset" 240
"../../../Engine/Content/EngineResources/GradientTexture0.uexp" 241
"../../../Engine/Content/EngineSky/VolumetricClouds/T_NoiseShape64.uasset" 242
"../../../Engine/Content/EngineSky/VolumetricClouds/T_NoiseShape64.uexp" 243
"../../../Engine/Content/EngineSky/VolumetricClouds/T_NoiseShape64.ubulk" 244
"../../../Engine/Content/EngineSky/VolumetricClouds/T_VolumeNoiseShape64.uasset" 245
"../../../Engine/Content/EngineSky/VolumetricClouds/T_VolumeNoiseShape64.uexp" 246
"../../../Engine/Content/EngineSky/VolumetricClouds/T_NoiseErosion.uasset" 247
"../../../Engine/Content/EngineSky/VolumetricClouds/T_NoiseErosion.uexp" 248
"../../../Engine/Content/EngineSky/VolumetricClouds/T_NoiseErosion.ubulk" 249
"../../../Engine/Content/EngineSky/VolumetricClouds/T_VolumeNoiseErosion32.uasset" 250
"../../../Engine/Content/EngineSky/VolumetricClouds/T_VolumeNoiseErosion32.uexp" 251
"../../../Engine/Content/EngineSky/VolumetricClouds/CloudWeatherTexture.uasset" 252
"../../../Engine/Content/EngineSky/VolumetricClouds/CloudWeatherTexture.uexp" 253
"../../../Engine/Content/EngineSky/VolumetricClouds/CloudGradientTexture.uasset" 254
"../../../Engine/Content/EngineSky/VolumetricClouds/CloudGradientTexture.uexp" 255
"../../../Engine/Content/Functions/Engine_MaterialFunctions02/Utility/MakeFloat2.uasset" 256
"../../../Engine/Content/Functions/Engine_MaterialFunctions02/Utility/MakeFloat2.uexp" 257
"../../../Engine/Content/EngineSky/VolumetricClouds/m_SimpleVolumetricCloud.uasset" 258
"../../../Engine/Content/EngineSky/VolumetricClouds/m_SimpleVolumetricCloud.uexp" 259
"../../../Engine/Content/EngineSky/VolumetricClouds/m_SimpleVolumetricCloud_Inst.uasset" 260
"../../../Engine/Content/EngineSky/VolumetricClouds/m_SimpleVolumetricCloud_Inst.uexp" 261
"../../../Engine/Content/EngineSounds/Master.uasset" 262
"../../../Engine/Content/EngineSounds/Master.uexp" 263
"../../../Engine/Content/Functions/Engine_MaterialFunctions01/Shading/PowerToRoughness.uasset" 264
"../../../Engine/Content/Functions/Engine_MaterialFunctions01/Shading/PowerToRoughness.uexp" 265
"../../../Engine/Content/Maps/Templates/Thumbnails/Default.uasset" 266
"../../../Engine/Content/Maps/Templates/Thumbnails/Default.uexp" 267
"../../../Engine/Content/Maps/Templates/Thumbnails/TimeOfDay.uasset" 268
"../../../Engine/Content/Maps/Templates/Thumbnails/TimeOfDay.uexp" 269
"../../../Engine/Content/Maps/Templates/Thumbnails/VR-Basic.uasset" 270
"../../../Engine/Content/Maps/Templates/Thumbnails/VR-Basic.uexp" 271
"../../../Engine/Content/MobileResources/T_MobileControls_texture.uasset" 272
"../../../Engine/Content/MobileResources/T_MobileControls_texture.uexp" 273
"../../../Engine/Content/MobileResources/T_MobileMenu2.uasset" 274
"../../../Engine/Content/MobileResources/T_MobileMenu2.uexp" 275
"../../../Engine/Content/MobileResources/HUD/AnalogHat.uasset" 276
"../../../Engine/Content/MobileResources/HUD/AnalogHat.uexp" 277
"../../../Engine/Content/MobileResources/HUD/VirtualJoystick_Thumb.uasset" 278
"../../../Engine/Content/MobileResources/HUD/VirtualJoystick_Thumb.uexp" 279
"../../../Engine/Content/MobileResources/HUD/VirtualJoystick_Background.uasset" 280
"../../../Engine/Content/MobileResources/HUD/VirtualJoystick_Background.uexp" 281
"../../../Engine/Content/MobileResources/HUD/DefaultVirtualJoysticks.uasset" 282
"../../../Engine/Content/MobileResources/HUD/DefaultVirtualJoysticks.uexp" 283
"../../../Engine/Content/MobileResources/HUD/LeftVirtualJoystickOnly.uasset" 284
"../../../Engine/Content/MobileResources/HUD/LeftVirtualJoystickOnly.uexp" 285
"../../../Engine/Content/MobileResources/HUD/MobileHUDButton1_off.uasset" 286
"../../../Engine/Content/MobileResources/HUD/MobileHUDButton1_off.uexp" 287
"../../../Engine/Content/MobileResources/HUD/MobileHUDButton1_on.uasset" 288
"../../../Engine/Content/MobileResources/HUD/MobileHUDButton1_on.uexp" 289
"../../../Engine/Content/MobileResources/HUD/MobileHUDButton2_off.uasset" 290
"../../../Engine/Content/MobileResources/HUD/MobileHUDButton2_off.uexp" 291
"../../../Engine/Content/MobileResources/HUD/MobileHUDButton2_on.uasset" 292
"../../../Engine/Content/MobileResources/HUD/MobileHUDButton2_on.uexp" 293
"../../../Engine/Content/MobileResources/HUD/MobileHUDButton3.uasset" 294
"../../../Engine/Content/MobileResources/HUD/MobileHUDButton3.uexp" 295
"../../../Engine/Content/MobileResources/HUD/MobileHUDButtonFire.uasset" 296
"../../../Engine/Content/MobileResources/HUD/MobileHUDButtonFire.uexp" 297
"../../../Engine/Content/MobileResources/HUD/MobileHUDDirectionPad.uasset" 298
"../../../Engine/Content/MobileResources/HUD/MobileHUDDirectionPad.uexp" 299
"../../../Engine/Content/MobileResources/HUD/MobileHUDDirectionPad2.uasset" 300
"../../../Engine/Content/MobileResources/HUD/MobileHUDDirectionPad2.uexp" 301
"../../../Engine/Content/MobileResources/HUD/MobileHUDDirectionPad3.uasset" 302
"../../../Engine/Content/MobileResources/HUD/MobileHUDDirectionPad3.uexp" 303
"../../../Engine/Content/MobileResources/HUD/MobileHUDDirectionStick.uasset" 304
"../../../Engine/Content/MobileResources/HUD/MobileHUDDirectionStick.uexp" 305
"../../../Engine/Content/MobileResources/HUD/T_Castle_ThumbstickInner.uasset" 306
"../../../Engine/Content/MobileResources/HUD/T_Castle_ThumbstickInner.uexp" 307
"../../../Engine/Content/MobileResources/HUD/T_Castle_ThumbstickOutter.uasset" 308
"../../../Engine/Content/MobileResources/HUD/T_Castle_ThumbstickOutter.uexp" 309
"../../../Engine/Content/Tutorial/ContentIntroCurve.uasset" 310
"../../../Engine/Content/Tutorial/ContentIntroCurve.uexp" 311
"../../../Engine/Content/Tutorial/Basics/TutorialAssets/icon_tab_Levels_40x.uasset" 312
"../../../Engine/Content/Tutorial/Basics/TutorialAssets/icon_tab_Levels_40x.uexp" 313
"../../../Engine/Content/Tutorial/BlueprintTutorials/TutorialAssets/Blueprint_64x.uasset" 314
"../../../Engine/Content/Tutorial/BlueprintTutorials/TutorialAssets/Blueprint_64x.uexp" 315
"../../../Engine/Content/Tutorial/Landscape/TutorialAssets/Landscape.uasset" 316
"../../../Engine/Content/Tutorial/Landscape/TutorialAssets/Landscape.uexp" 317
"../../../Engine/Content/EditorBlueprintResources/StandardMacros.uasset" 318
"../../../Engine/Content/EditorBlueprintResources/StandardMacros.uexp" 319
"../../../Engine/Content/VREditor/TransformGizmo/TranslucentTransformGizmoMaterial.uasset" 320
"../../../Engine/Content/VREditor/TransformGizmo/TranslucentTransformGizmoMaterial.uexp" 321
"../../../Engine/Content/VREditor/LaserPointer/VR_LaserPower_01.uasset" 322
"../../../Engine/Content/VREditor/LaserPointer/VR_LaserPower_01.uexp" 323
"../../../Engine/Content/VREditor/LaserPointer/VR_LaserPower_01.ubulk" 324
"../../../Engine/Content/VREditor/TransformGizmo/TransformGizmoMaterial.uasset" 325
"../../../Engine/Content/VREditor/TransformGizmo/TransformGizmoMaterial.uexp" 326
"../../../Engine/Content/VREditor/TransformGizmo/BoundingBoxCorner.uasset" 327
"../../../Engine/Content/VREditor/TransformGizmo/BoundingBoxCorner.uexp" 328
"../../../Engine/Content/VREditor/TransformGizmo/BoundingBoxEdge.uasset" 329
"../../../Engine/Content/VREditor/TransformGizmo/BoundingBoxEdge.uexp" 330
"../../../Engine/Content/VREditor/TransformGizmo/PlaneTranslationHandle.uasset" 331
"../../../Engine/Content/VREditor/TransformGizmo/PlaneTranslationHandle.uexp" 332
"../../../Engine/Content/VREditor/TransformGizmo/Xray.uasset" 333
"../../../Engine/Content/VREditor/TransformGizmo/Xray.uexp" 334
"../../../Engine/Content/VREditor/TransformGizmo/Main.uasset" 335
"../../../Engine/Content/VREditor/TransformGizmo/Main.uexp" 336
"../../../Engine/Content/VREditor/TransformGizmo/SM_Sequencer_Key.uasset" 337
"../../../Engine/Content/VREditor/TransformGizmo/SM_Sequencer_Key.uexp" 338
"../../../Engine/Content/VREditor/TransformGizmo/SM_Sequencer_Node.uasset" 339
"../../../Engine/Content/VREditor/TransformGizmo/SM_Sequencer_Node.uexp" 340
"../../../Engine/Plugins/2D/Paper2D/Content/PlaceholderTextures/DummySpriteTexture.uasset" 341
"../../../Engine/Plugins/2D/Paper2D/Content/PlaceholderTextures/DummySpriteTexture.uexp" 342
"../../../Engine/Plugins/2D/Paper2D/Content/PlaceholderTextures/DummySpriteTexture.ubulk" 343
"../../../Engine/Plugins/2D/Paper2D/Content/DummySprite.uasset" 344
"../../../Engine/Plugins/2D/Paper2D/Content/DummySprite.uexp" 345
"../../../Engine/Plugins/2D/Paper2D/Content/DefaultPaperTerrainMaterial.uasset" 346
"../../../Engine/Plugins/2D/Paper2D/Content/DefaultPaperTerrainMaterial.uexp" 347
"../../../Engine/Plugins/2D/Paper2D/Content/DefaultSpriteMaterial.uasset" 348
"../../../Engine/Plugins/2D/Paper2D/Content/DefaultSpriteMaterial.uexp" 349
"../../../Engine/Plugins/2D/Paper2D/Content/MaskedUnlitSpriteMaterial.uasset" 350
"../../../Engine/Plugins/2D/Paper2D/Content/MaskedUnlitSpriteMaterial.uexp" 351
"../../../Engine/Plugins/2D/Paper2D/Content/OpaqueUnlitSpriteMaterial.uasset" 352
"../../../Engine/Plugins/2D/Paper2D/Content/OpaqueUnlitSpriteMaterial.uexp" 353
"../../../Engine/Content/Functions/Engine_MaterialFunctions02/Utility/BreakOutFloat3Components.uasset" 354
"../../../Engine/Content/Functions/Engine_MaterialFunctions02/Utility/BreakOutFloat3Components.uexp" 355
"../../../Engine/Plugins/Editor/SpeedTreeImporter/Content/SpeedTree9/UnpackInteger3.uasset" 356
"../../../Engine/Plugins/Editor/SpeedTreeImporter/Content/SpeedTree9/UnpackInteger3.uexp" 357
"../../../Engine/Plugins/Editor/SpeedTreeImporter/Content/SpeedTree9/UnpackDirection.uasset" 358
"../../../Engine/Plugins/Editor/SpeedTreeImporter/Content/SpeedTree9/UnpackDirection.uexp" 359
"../../../Engine/Plugins/Editor/SpeedTreeImporter/Content/SpeedTree9/game_wind_noise.uasset" 360
"../../../Engine/Plugins/Editor/SpeedTreeImporter/Content/SpeedTree9/game_wind_noise.uexp" 361
"../../../Engine/Plugins/Editor/SpeedTreeImporter/Content/SpeedTree9/game_wind_noise.ubulk" 362
"../../../Engine/Content/Functions/Engine_MaterialFunctions02/SafeNormalize.uasset" 363
"../../../Engine/Content/Functions/Engine_MaterialFunctions02/SafeNormalize.uexp" 364
"../../../Engine/Plugins/Editor/SpeedTreeImporter/Content/SpeedTree9/SpeedTreeWindMotion.uasset" 365
"../../../Engine/Plugins/Editor/SpeedTreeImporter/Content/SpeedTree9/SpeedTreeWindMotion.uexp" 366
"../../../Engine/Plugins/Editor/SpeedTreeImporter/Content/SpeedTree9/SpeedTreeBranchMotion.uasset" 367
"../../../Engine/Plugins/Editor/SpeedTreeImporter/Content/SpeedTree9/SpeedTreeBranchMotion.uexp" 368
"../../../Engine/Content/Functions/Engine_MaterialFunctions02/ObjectLocalBounds.uasset" 369
"../../../Engine/Content/Functions/Engine_MaterialFunctions02/ObjectLocalBounds.uexp" 370
"../../../Engine/Content/Functions/Engine_MaterialFunctions02/UVs/BoundingBoxBased_0-1_UVW.uasset" 371
"../../../Engine/Content/Functions/Engine_MaterialFunctions02/UVs/BoundingBoxBased_0-1_UVW.uexp" 372
"../../../Engine/Content/Functions/Engine_MaterialFunctions02/Utility/VectorLength.uasset" 373
"../../../Engine/Content/Functions/Engine_MaterialFunctions02/Utility/VectorLength.uexp" 374
"../../../Engine/Content/Functions/Engine_MaterialFunctions02/WorldPositionOffset/ObjectScale.uasset" 375
"../../../Engine/Content/Functions/Engine_MaterialFunctions02/WorldPositionOffset/ObjectScale.uexp" 376
"../../../Engine/Plugins/Editor/SpeedTreeImporter/Content/SpeedTree9/SpeedTreeWind.uasset" 377
"../../../Engine/Plugins/Editor/SpeedTreeImporter/Content/SpeedTree9/SpeedTreeWind.uexp" 378
"../../../Engine/Plugins/Editor/SpeedTreeImporter/Content/SpeedTree9/SpeedTreeBillboard.uasset" 379
"../../../Engine/Plugins/Editor/SpeedTreeImporter/Content/SpeedTree9/SpeedTreeBillboard.uexp" 380
"../../../Engine/Plugins/Editor/SpeedTreeImporter/Content/SpeedTree9/EmptyNormal.uasset" 381
"../../../Engine/Plugins/Editor/SpeedTreeImporter/Content/SpeedTree9/EmptyNormal.uexp" 382
"../../../Engine/Plugins/Editor/SpeedTreeImporter/Content/SpeedTree9/Empty.uasset" 383
"../../../Engine/Plugins/Editor/SpeedTreeImporter/Content/SpeedTree9/Empty.uexp" 384
"../../../Engine/Plugins/Editor/SpeedTreeImporter/Content/SpeedTree9/SpeedTreeBillboardMaster.uasset" 385
"../../../Engine/Plugins/Editor/SpeedTreeImporter/Content/SpeedTree9/SpeedTreeBillboardMaster.uexp" 386
"../../../Engine/Plugins/Editor/SpeedTreeImporter/Content/SpeedTree9/SpeedTreeCameraFacing.uasset" 387
"../../../Engine/Plugins/Editor/SpeedTreeImporter/Content/SpeedTree9/SpeedTreeCameraFacing.uexp" 388
"../../../Engine/Plugins/Editor/SpeedTreeImporter/Content/SpeedTree9/SpeedTreeMaster.uasset" 389
"../../../Engine/Plugins/Editor/SpeedTreeImporter/Content/SpeedTree9/SpeedTreeMaster.uexp" 390
"../../../Engine/Content/BasicShapes/Cylinder.uasset" 391
"../../../Engine/Content/BasicShapes/Cylinder.uexp" 392
"../../../Engine/Content/ArtTools/RenderToTexture/Materials/Debug/M_Emissive_Color.uasset" 393
"../../../Engine/Content/ArtTools/RenderToTexture/Materials/Debug/M_Emissive_Color.uexp" 394
"../../../Engine/Plugins/Lumin/MagicLeapPassableWorld/Content/MagicLeapARPinInfoActor.uasset" 395
"../../../Engine/Plugins/Lumin/MagicLeapPassableWorld/Content/MagicLeapARPinInfoActor.uexp" 396
"../../../Engine/Plugins/Runtime/OpenXR/Content/Devices/GoogleDaydream/MRTexture.uasset" 397
"../../../Engine/Plugins/Runtime/OpenXR/Content/Devices/GoogleDaydream/MRTexture.uexp" 398
"../../../Engine/Plugins/Runtime/OpenXR/Content/Devices/GoogleDaydream/MRTexture.ubulk" 399
"../../../Engine/Plugins/Runtime/OpenXR/Content/Devices/GoogleDaydream/BaseTexture.uasset" 400
"../../../Engine/Plugins/Runtime/OpenXR/Content/Devices/GoogleDaydream/BaseTexture.uexp" 401
"../../../Engine/Plugins/Runtime/OpenXR/Content/Devices/GoogleDaydream/BaseTexture.ubulk" 402
"../../../Engine/Content/EngineResources/Black.uasset" 403
"../../../Engine/Content/EngineResources/Black.uexp" 404
"../../../Engine/Plugins/Runtime/OpenXR/Content/Devices/M_XRController.uasset" 405
"../../../Engine/Plugins/Runtime/OpenXR/Content/Devices/M_XRController.uexp" 406
"../../../Engine/Plugins/Runtime/OpenXR/Content/Devices/GoogleDaydream/MI_GoogleDaydream.uasset" 407
"../../../Engine/Plugins/Runtime/OpenXR/Content/Devices/GoogleDaydream/MI_GoogleDaydream.uexp" 408
"../../../Engine/Plugins/Runtime/OpenXR/Content/Devices/GoogleDaydream/GoogleDaydreamController.uasset" 409
"../../../Engine/Plugins/Runtime/OpenXR/Content/Devices/GoogleDaydream/GoogleDaydreamController.uexp" 410
"../../../Engine/Plugins/Runtime/OpenXR/Content/Devices/HTCVive/BaseTexture.uasset" 411
"../../../Engine/Plugins/Runtime/OpenXR/Content/Devices/HTCVive/BaseTexture.uexp" 412
"../../../Engine/Plugins/Runtime/OpenXR/Content/Devices/HTCVive/BaseTexture.ubulk" 413
"../../../Engine/Plugins/Runtime/OpenXR/Content/Devices/HTCVive/MI_HTCVive.uasset" 414
"../../../Engine/Plugins/Runtime/OpenXR/Content/Devices/HTCVive/MI_HTCVive.uexp" 415
"../../../Engine/Plugins/Runtime/OpenXR/Content/Devices/HTCVive/HTCViveController.uasset" 416
"../../../Engine/Plugins/Runtime/OpenXR/Content/Devices/HTCVive/HTCViveController.uexp" 417
"../../../Engine/Plugins/Runtime/OpenXR/Content/Devices/MicrosoftMixedReality/NormalTexture.uasset" 418
"../../../Engine/Plugins/Runtime/OpenXR/Content/Devices/MicrosoftMixedReality/NormalTexture.uexp" 419
"../../../Engine/Plugins/Runtime/OpenXR/Content/Devices/MicrosoftMixedReality/NormalTexture.ubulk" 420
"../../../Engine/Plugins/Runtime/OpenXR/Content/Devices/MicrosoftMixedReality/MRTexture.uasset" 421
"../../../Engine/Plugins/Runtime/OpenXR/Content/Devices/MicrosoftMixedReality/MRTexture.uexp" 422
"../../../Engine/Plugins/Runtime/OpenXR/Content/Devices/MicrosoftMixedReality/MRTexture.ubulk" 423
"../../../Engine/Plugins/Runtime/OpenXR/Content/Devices/MicrosoftMixedReality/EmissiveTexture.uasset" 424
"../../../Engine/Plugins/Runtime/OpenXR/Content/Devices/MicrosoftMixedReality/EmissiveTexture.uexp" 425
"../../../Engine/Plugins/Runtime/OpenXR/Content/Devices/MicrosoftMixedReality/EmissiveTexture.ubulk" 426
"../../../Engine/Plugins/Runtime/OpenXR/Content/Devices/MicrosoftMixedReality/BaseTexture.uasset" 427
"../../../Engine/Plugins/Runtime/OpenXR/Content/Devices/MicrosoftMixedReality/BaseTexture.uexp" 428
"../../../Engine/Plugins/Runtime/OpenXR/Content/Devices/MicrosoftMixedReality/BaseTexture.ubulk" 429
"../../../Engine/Plugins/Runtime/OpenXR/Content/Devices/MicrosoftMixedReality/MI_MicrosoftMixedReality.uasset" 430
"../../../Engine/Plugins/Runtime/OpenXR/Content/Devices/MicrosoftMixedReality/MI_MicrosoftMixedReality.uexp" 431
"../../../Engine/Plugins/Runtime/OpenXR/Content/Devices/MicrosoftMixedReality/Left/left_MicrosoftMixedRealityController.uasset" 432
"../../../Engine/Plugins/Runtime/OpenXR/Content/Devices/MicrosoftMixedReality/Left/left_MicrosoftMixedRealityController.uexp" 433
"../../../Engine/Plugins/Runtime/OpenXR/Content/Devices/MicrosoftMixedReality/Right/right_MicrosoftMixedRealityController.uasset" 434
"../../../Engine/Plugins/Runtime/OpenXR/Content/Devices/MicrosoftMixedReality/Right/right_MicrosoftMixedRealityController.uexp" 435
"../../../Engine/Plugins/Runtime/OpenXR/Content/Devices/OculusGo/BaseTexture.uasset" 436
"../../../Engine/Plugins/Runtime/OpenXR/Content/Devices/OculusGo/BaseTexture.uexp" 437
"../../../Engine/Plugins/Runtime/OpenXR/Content/Devices/OculusGo/BaseTexture.ubulk" 438
"../../../Engine/Plugins/Runtime/OpenXR/Content/Devices/OculusGo/MI_OculusGo.uasset" 439
"../../../Engine/Plugins/Runtime/OpenXR/Content/Devices/OculusGo/MI_OculusGo.uexp" 440
"../../../Engine/Plugins/Runtime/OpenXR/Content/Devices/OculusGo/OculusGoController.uasset" 441
"../../../Engine/Plugins/Runtime/OpenXR/Content/Devices/OculusGo/OculusGoController.uexp" 442
"../../../Engine/Plugins/Runtime/OpenXR/Content/Devices/OculusTouch/MRTexture.uasset" 443
"../../../Engine/Plugins/Runtime/OpenXR/Content/Devices/OculusTouch/MRTexture.uexp" 444
"../../../Engine/Plugins/Runtime/OpenXR/Content/Devices/OculusTouch/MRTexture.ubulk" 445
"../../../Engine/Plugins/Runtime/OpenXR/Content/Devices/OculusTouch/BaseTexture.uasset" 446
"../../../Engine/Plugins/Runtime/OpenXR/Content/Devices/OculusTouch/BaseTexture.uexp" 447
"../../../Engine/Plugins/Runtime/OpenXR/Content/Devices/OculusTouch/BaseTexture.ubulk" 448
"../../../Engine/Plugins/Runtime/OpenXR/Content/Devices/OculusTouch/MI_OculusTouch.uasset" 449
"../../../Engine/Plugins/Runtime/OpenXR/Content/Devices/OculusTouch/MI_OculusTouch.uexp" 450
"../../../Engine/Plugins/Runtime/OpenXR/Content/Devices/OculusTouch/Left/left_OculusTouchController.uasset" 451
"../../../Engine/Plugins/Runtime/OpenXR/Content/Devices/OculusTouch/Left/left_OculusTouchController.uexp" 452
"../../../Engine/Plugins/Runtime/OpenXR/Content/Devices/OculusTouch/Right/right_OculusTouchController.uasset" 453
"../../../Engine/Plugins/Runtime/OpenXR/Content/Devices/OculusTouch/Right/right_OculusTouchController.uexp" 454
"../../../Engine/Plugins/Runtime/OpenXR/Content/Devices/OculusTouch_v2/MRTexture.uasset" 455
"../../../Engine/Plugins/Runtime/OpenXR/Content/Devices/OculusTouch_v2/MRTexture.uexp" 456
"../../../Engine/Plugins/Runtime/OpenXR/Content/Devices/OculusTouch_v2/MRTexture.ubulk" 457
"../../../Engine/Plugins/Runtime/OpenXR/Content/Devices/OculusTouch_v2/BaseTexture.uasset" 458
"../../../Engine/Plugins/Runtime/OpenXR/Content/Devices/OculusTouch_v2/BaseTexture.uexp" 459
"../../../Engine/Plugins/Runtime/OpenXR/Content/Devices/OculusTouch_v2/BaseTexture.ubulk" 460
"../../../Engine/Plugins/Runtime/OpenXR/Content/Devices/OculusTouch_v2/MI_OculusTouch_v2.uasset" 461
"../../../Engine/Plugins/Runtime/OpenXR/Content/Devices/OculusTouch_v2/MI_OculusTouch_v2.uexp" 462
"../../../Engine/Plugins/Runtime/OpenXR/Content/Devices/OculusTouch_v2/Left/left_OculusTouch_v2Controller.uasset" 463
"../../../Engine/Plugins/Runtime/OpenXR/Content/Devices/OculusTouch_v2/Left/left_OculusTouch_v2Controller.uexp" 464
"../../../Engine/Plugins/Runtime/OpenXR/Content/Devices/OculusTouch_v2/Right/right_OculusTouch_v2Controller.uasset" 465
"../../../Engine/Plugins/Runtime/OpenXR/Content/Devices/OculusTouch_v2/Right/right_OculusTouch_v2Controller.uexp" 466
"../../../Engine/Plugins/Runtime/OpenXR/Content/Devices/OculusTouch_v3/MRTexture.uasset" 467
"../../../Engine/Plugins/Runtime/OpenXR/Content/Devices/OculusTouch_v3/MRTexture.uexp" 468
"../../../Engine/Plugins/Runtime/OpenXR/Content/Devices/OculusTouch_v3/MRTexture.ubulk" 469
"../../../Engine/Plugins/Runtime/OpenXR/Content/Devices/OculusTouch_v3/BaseTexture.uasset" 470
"../../../Engine/Plugins/Runtime/OpenXR/Content/Devices/OculusTouch_v3/BaseTexture.uexp" 471
"../../../Engine/Plugins/Runtime/OpenXR/Content/Devices/OculusTouch_v3/BaseTexture.ubulk" 472
"../../../Engine/Plugins/Runtime/OpenXR/Content/Devices/OculusTouch_v3/MI_OculusTouch_v3.uasset" 473
"../../../Engine/Plugins/Runtime/OpenXR/Content/Devices/OculusTouch_v3/MI_OculusTouch_v3.uexp" 474
"../../../Engine/Plugins/Runtime/OpenXR/Content/Devices/OculusTouch_v3/Left/left_OculusTouch_v3Controller.uasset" 475
"../../../Engine/Plugins/Runtime/OpenXR/Content/Devices/OculusTouch_v3/Left/left_OculusTouch_v3Controller.uexp" 476
"../../../Engine/Plugins/Runtime/OpenXR/Content/Devices/OculusTouch_v3/Right/right_OculusTouch_v3Controller.uasset" 477
"../../../Engine/Plugins/Runtime/OpenXR/Content/Devices/OculusTouch_v3/Right/right_OculusTouch_v3Controller.uexp" 478
"../../../Engine/Plugins/Runtime/OpenXR/Content/Devices/ValveIndex/MRTexture.uasset" 479
"../../../Engine/Plugins/Runtime/OpenXR/Content/Devices/ValveIndex/MRTexture.uexp" 480
"../../../Engine/Plugins/Runtime/OpenXR/Content/Devices/ValveIndex/MRTexture.ubulk" 481
"../../../Engine/Plugins/Runtime/OpenXR/Content/Devices/ValveIndex/BaseTexture.uasset" 482
"../../../Engine/Plugins/Runtime/OpenXR/Content/Devices/ValveIndex/BaseTexture.uexp" 483
"../../../Engine/Plugins/Runtime/OpenXR/Content/Devices/ValveIndex/BaseTexture.ubulk" 484
"../../../Engine/Plugins/Runtime/OpenXR/Content/Devices/ValveIndex/Left/MI_left_ValveIndex.uasset" 485
"../../../Engine/Plugins/Runtime/OpenXR/Content/Devices/ValveIndex/Left/MI_left_ValveIndex.uexp" 486
"../../../Engine/Plugins/Runtime/OpenXR/Content/Devices/ValveIndex/Left/left_ValveIndexController.uasset" 487
"../../../Engine/Plugins/Runtime/OpenXR/Content/Devices/ValveIndex/Left/left_ValveIndexController.uexp" 488
"../../../Engine/Plugins/Runtime/OpenXR/Content/Devices/ValveIndex/Right/MI_right_ValveIndex.uasset" 489
"../../../Engine/Plugins/Runtime/OpenXR/Content/Devices/ValveIndex/Right/MI_right_ValveIndex.uexp" 490
"../../../Engine/Plugins/Runtime/OpenXR/Content/Devices/ValveIndex/Right/right_ValveIndexController.uasset" 491
"../../../Engine/Plugins/Runtime/OpenXR/Content/Devices/ValveIndex/Right/right_ValveIndexController.uexp" 492
"../../../Engine/Content/Functions/Engine_MaterialFunctions02/Utility/BreakOutFloat4Components.uasset" 493
"../../../Engine/Content/Functions/Engine_MaterialFunctions02/Utility/BreakOutFloat4Components.uexp" 494
"../../../Engine/Content/Functions/Engine_MaterialFunctions02/Utility/MakeFloat3.uasset" 495
"../../../Engine/Content/Functions/Engine_MaterialFunctions02/Utility/MakeFloat3.uexp" 496
"../../../Engine/Plugins/Runtime/Oculus/OculusVR/Content/Materials/OculusMR_ChromaKey.uasset" 497
"../../../Engine/Plugins/Runtime/Oculus/OculusVR/Content/Materials/OculusMR_ChromaKey.uexp" 498
"../../../Engine/Plugins/Runtime/Oculus/OculusVR/Content/Materials/OculusMR_OpaqueColoredMaterial.uasset" 499
"../../../Engine/Plugins/Runtime/Oculus/OculusVR/Content/Materials/OculusMR_OpaqueColoredMaterial.uexp" 500
"../../../Engine/Plugins/Runtime/Oculus/OculusVR/Content/Materials/PokeAHoleMaterial.uasset" 501
"../../../Engine/Plugins/Runtime/Oculus/OculusVR/Content/Materials/PokeAHoleMaterial.uexp" 502
"../../../Engine/Plugins/Runtime/Oculus/OculusVR/Content/Textures/touchController_controlmap.uasset" 503
"../../../Engine/Plugins/Runtime/Oculus/OculusVR/Content/Textures/touchController_controlmap.uexp" 504
"../../../Engine/Plugins/Runtime/Oculus/OculusVR/Content/Textures/touchController_controlmap.ubulk" 505
"../../../Engine/Plugins/Runtime/Oculus/OculusVR/Content/Textures/touchController_albedo.uasset" 506
"../../../Engine/Plugins/Runtime/Oculus/OculusVR/Content/Textures/touchController_albedo.uexp" 507
"../../../Engine/Plugins/Runtime/Oculus/OculusVR/Content/Textures/touchController_albedo.ubulk" 508
"../../../Engine/Plugins/Runtime/Oculus/OculusVR/Content/Materials/touchController_mat.uasset" 509
"../../../Engine/Plugins/Runtime/Oculus/OculusVR/Content/Materials/touchController_mat.uexp" 510
"../../../Engine/Plugins/Runtime/Oculus/OculusVR/Content/Meshes/LeftTouchController.uasset" 511
"../../../Engine/Plugins/Runtime/Oculus/OculusVR/Content/Meshes/LeftTouchController.uexp" 512
"../../../Engine/Plugins/Runtime/Oculus/OculusVR/Content/Textures/TouchForQuestRiftSController_albedo.uasset" 513
"../../../Engine/Plugins/Runtime/Oculus/OculusVR/Content/Textures/TouchForQuestRiftSController_albedo.uexp" 514
"../../../Engine/Plugins/Runtime/Oculus/OculusVR/Content/Textures/TouchForQuestRiftSController_albedo.ubulk" 515
"../../../Engine/Plugins/Runtime/Oculus/OculusVR/Content/Materials/TouchForQuestRiftSControllerMaterial.uasset" 516
"../../../Engine/Plugins/Runtime/Oculus/OculusVR/Content/Materials/TouchForQuestRiftSControllerMaterial.uexp" 517
"../../../Engine/Plugins/Runtime/Oculus/OculusVR/Content/Meshes/LeftTouchForQuestRiftSController.uasset" 518
"../../../Engine/Plugins/Runtime/Oculus/OculusVR/Content/Meshes/LeftTouchForQuestRiftSController.uexp" 519
"../../../Engine/Plugins/Runtime/Oculus/OculusVR/Content/Meshes/RiftHMD.uasset" 520
"../../../Engine/Plugins/Runtime/Oculus/OculusVR/Content/Meshes/RiftHMD.uexp" 521
"../../../Engine/Plugins/Runtime/Oculus/OculusVR/Content/Meshes/RightTouchController.uasset" 522
"../../../Engine/Plugins/Runtime/Oculus/OculusVR/Content/Meshes/RightTouchController.uexp" 523
"../../../Engine/Plugins/Runtime/Oculus/OculusVR/Content/Meshes/RightTouchForQuestRiftSController.uasset" 524
"../../../Engine/Plugins/Runtime/Oculus/OculusVR/Content/Meshes/RightTouchForQuestRiftSController.uexp" 525
"../../../Engine/Content/MapTemplates/SM_Template_Map_Floor.uasset" 526
"../../../Engine/Content/MapTemplates/SM_Template_Map_Floor.uexp" 527
"F:/UE4Projects/GameWinterWar/Content/_Main/Maps/TestMap_BuiltData.uasset" 528
"F:/UE4Projects/GameWinterWar/Content/_Main/Maps/TestMap_BuiltData.uexp" 529
"F:/UE4Projects/GameWinterWar/Content/_Main/Maps/TestMap_BuiltData.ubulk" 530
"../../../Engine/Content/BasicShapes/Sphere.uasset" 531
"../../../Engine/Content/BasicShapes/Sphere.uexp" 532
"../../../Engine/Content/BasicShapes/BasicShapeMaterial.uasset" 533
"../../../Engine/Content/BasicShapes/BasicShapeMaterial.uexp" 534
"F:/UE4Projects/GameWinterWar/Content/_Main/Blueprints/Interfaces/Item_Interface.uasset" 535
"F:/UE4Projects/GameWinterWar/Content/_Main/Blueprints/Interfaces/Item_Interface.uexp" 536
"F:/UE4Projects/GameWinterWar/Content/_Main/Blueprints/Widget/InteractWidget.uasset" 537
"F:/UE4Projects/GameWinterWar/Content/_Main/Blueprints/Widget/InteractWidget.uexp" 538
"../../../Engine/Content/Animation/DefaultAnimCurveCompressionSettings.uasset" 539
"../../../Engine/Content/Animation/DefaultAnimCurveCompressionSettings.uexp" 540
"../../../Engine/Content/Animation/DefaultAnimBoneCompressionSettings.uasset" 541
"../../../Engine/Content/Animation/DefaultAnimBoneCompressionSettings.uexp" 542
"F:/UE4Projects/GameWinterWar/Content/_Main/Blueprints/Character/FPSCharacterSkeleton.uasset" 543
"F:/UE4Projects/GameWinterWar/Content/_Main/Blueprints/Character/FPSCharacterSkeleton.uexp" 544
"F:/UE4Projects/GameWinterWar/Content/_Main/Blueprints/Character/Animations/Sprinting/Run_Right.uasset" 545
"F:/UE4Projects/GameWinterWar/Content/_Main/Blueprints/Character/Animations/Sprinting/Run_Right.uexp" 546
"F:/UE4Projects/GameWinterWar/Content/_Main/Blueprints/Character/Animations/Sprinting/Run_Left.uasset" 547
"F:/UE4Projects/GameWinterWar/Content/_Main/Blueprints/Character/Animations/Sprinting/Run_Left.uexp" 548
"F:/UE4Projects/GameWinterWar/Content/_Main/Blueprints/Character/Animations/Sprinting/Run_Forward.uasset" 549
"F:/UE4Projects/GameWinterWar/Content/_Main/Blueprints/Character/Animations/Sprinting/Run_Forward.uexp" 550
"F:/UE4Projects/GameWinterWar/Content/_Main/Blueprints/Character/Animations/Sprinting/Run_Backwards.uasset" 551
"F:/UE4Projects/GameWinterWar/Content/_Main/Blueprints/Character/Animations/Sprinting/Run_Backwards.uexp" 552
"F:/UE4Projects/GameWinterWar/Content/_Main/Blueprints/Character/Animations/Walking/Idle__1_.uasset" 553
"F:/UE4Projects/GameWinterWar/Content/_Main/Blueprints/Character/Animations/Walking/Idle__1_.uexp" 554
"F:/UE4Projects/GameWinterWar/Content/_Main/Blueprints/Character/Animations/FPSCharacterBlendSpaceSprint.uasset" 555
"F:/UE4Projects/GameWinterWar/Content/_Main/Blueprints/Character/Animations/FPSCharacterBlendSpaceSprint.uexp" 556
"F:/UE4Projects/GameWinterWar/Content/_Main/Blueprints/Character/Animations/Crouching/Walk_Crouching_Right.uasset" 557
"F:/UE4Projects/GameWinterWar/Content/_Main/Blueprints/Character/Animations/Crouching/Walk_Crouching_Right.uexp" 558
"F:/UE4Projects/GameWinterWar/Content/_Main/Blueprints/Character/Animations/Crouching/Walk_Crouching_Left.uasset" 559
"F:/UE4Projects/GameWinterWar/Content/_Main/Blueprints/Character/Animations/Crouching/Walk_Crouching_Left.uexp" 560
"F:/UE4Projects/GameWinterWar/Content/_Main/Blueprints/Character/Animations/Crouching/Walk_Crouching_Forward.uasset" 561
"F:/UE4Projects/GameWinterWar/Content/_Main/Blueprints/Character/Animations/Crouching/Walk_Crouching_Forward.uexp" 562
"F:/UE4Projects/GameWinterWar/Content/_Main/Blueprints/Character/Animations/Crouching/Crouch_Walking_Backwards.uasset" 563
"F:/UE4Projects/GameWinterWar/Content/_Main/Blueprints/Character/Animations/Crouching/Crouch_Walking_Backwards.uexp" 564
"F:/UE4Projects/GameWinterWar/Content/_Main/Blueprints/Character/Animations/Crouching/Idle_Crouching.uasset" 565
"F:/UE4Projects/GameWinterWar/Content/_Main/Blueprints/Character/Animations/Crouching/Idle_Crouching.uexp" 566
"F:/UE4Projects/GameWinterWar/Content/_Main/Blueprints/Character/Animations/FPSCharacterBlendSpaceCrouch.uasset" 567
"F:/UE4Projects/GameWinterWar/Content/_Main/Blueprints/Character/Animations/FPSCharacterBlendSpaceCrouch.uexp" 568
"F:/UE4Projects/GameWinterWar/Content/_Main/Blueprints/Character/Animations/Walking/Walking_Backwards.uasset" 569
"F:/UE4Projects/GameWinterWar/Content/_Main/Blueprints/Character/Animations/Walking/Walking_Backwards.uexp" 570
"F:/UE4Projects/GameWinterWar/Content/_Main/Blueprints/Character/Animations/Walking/Walk_Right.uasset" 571
"F:/UE4Projects/GameWinterWar/Content/_Main/Blueprints/Character/Animations/Walking/Walk_Right.uexp" 572
"F:/UE4Projects/GameWinterWar/Content/_Main/Blueprints/Character/Animations/Walking/Walk_Left.uasset" 573
"F:/UE4Projects/GameWinterWar/Content/_Main/Blueprints/Character/Animations/Walking/Walk_Left.uexp" 574
"F:/UE4Projects/GameWinterWar/Content/_Main/Blueprints/Character/Animations/Walking/Walk_Forward.uasset" 575
"F:/UE4Projects/GameWinterWar/Content/_Main/Blueprints/Character/Animations/Walking/Walk_Forward.uexp" 576
"F:/UE4Projects/GameWinterWar/Content/_Main/Blueprints/Character/Animations/FPSCharacterBlendSpace.uasset" 577
"F:/UE4Projects/GameWinterWar/Content/_Main/Blueprints/Character/Animations/FPSCharacterBlendSpace.uexp" 578
"F:/UE4Projects/GameWinterWar/Content/_Main/Blueprints/Character/Animations/Jump/Jump_Up.uasset" 579
"F:/UE4Projects/GameWinterWar/Content/_Main/Blueprints/Character/Animations/Jump/Jump_Up.uexp" 580
"F:/UE4Projects/GameWinterWar/Content/_Main/Blueprints/Character/Animations/FPSCharacterAnim_BP.uasset" 581
"F:/UE4Projects/GameWinterWar/Content/_Main/Blueprints/Character/Animations/FPSCharacterAnim_BP.uexp" 582
"F:/UE4Projects/GameWinterWar/Content/_Main/Blueprints/Character/FPSCharacter_1001_Specular.uasset" 583
"F:/UE4Projects/GameWinterWar/Content/_Main/Blueprints/Character/FPSCharacter_1001_Specular.uexp" 584
"F:/UE4Projects/GameWinterWar/Content/_Main/Blueprints/Character/FPSCharacter_1001_Specular.ubulk" 585
"F:/UE4Projects/GameWinterWar/Content/_Main/Blueprints/Character/FPSCharacter_1001_Normal_ncl1_1.uasset" 586
"F:/UE4Projects/GameWinterWar/Content/_Main/Blueprints/Character/FPSCharacter_1001_Normal_ncl1_1.uexp" 587
"F:/UE4Projects/GameWinterWar/Content/_Main/Blueprints/Character/FPSCharacter_1001_Normal_ncl1_1.ubulk" 588
"F:/UE4Projects/GameWinterWar/Content/_Main/Blueprints/Character/FPSCharacter_1001_Diffuse.uasset" 589
"F:/UE4Projects/GameWinterWar/Content/_Main/Blueprints/Character/FPSCharacter_1001_Diffuse.uexp" 590
"F:/UE4Projects/GameWinterWar/Content/_Main/Blueprints/Character/FPSCharacter_1001_Diffuse.ubulk" 591
"F:/UE4Projects/GameWinterWar/Content/_Main/Blueprints/Character/FPSCharacter_eyelashes.uasset" 592
"F:/UE4Projects/GameWinterWar/Content/_Main/Blueprints/Character/FPSCharacter_eyelashes.uexp" 593
"F:/UE4Projects/GameWinterWar/Content/_Main/Blueprints/Character/FPSCharacter_1001_Normal.uasset" 594
"F:/UE4Projects/GameWinterWar/Content/_Main/Blueprints/Character/FPSCharacter_1001_Normal.uexp" 595
"F:/UE4Projects/GameWinterWar/Content/_Main/Blueprints/Character/FPSCharacter_1001_Normal.ubulk" 596
"F:/UE4Projects/GameWinterWar/Content/_Main/Blueprints/Character/FPSCharacter_1001_Glossiness.uasset" 597
"F:/UE4Projects/GameWinterWar/Content/_Main/Blueprints/Character/FPSCharacter_1001_Glossiness.uexp" 598
"F:/UE4Projects/GameWinterWar/Content/_Main/Blueprints/Character/FPSCharacter_1001_Glossiness.ubulk" 599
"F:/UE4Projects/GameWinterWar/Content/_Main/Blueprints/Character/FPSCharacter_body2.uasset" 600
"F:/UE4Projects/GameWinterWar/Content/_Main/Blueprints/Character/FPSCharacter_body2.uexp" 601
"F:/UE4Projects/GameWinterWar/Content/_Main/Blueprints/Character/FPSCharacter_1002_Specular.uasset" 602
"F:/UE4Projects/GameWinterWar/Content/_Main/Blueprints/Character/FPSCharacter_1002_Specular.uexp" 603
"F:/UE4Projects/GameWinterWar/Content/_Main/Blueprints/Character/FPSCharacter_1002_Specular.ubulk" 604
"F:/UE4Projects/GameWinterWar/Content/_Main/Blueprints/Character/FPSCharacter_1002_Normal.uasset" 605
"F:/UE4Projects/GameWinterWar/Content/_Main/Blueprints/Character/FPSCharacter_1002_Normal.uexp" 606
"F:/UE4Projects/GameWinterWar/Content/_Main/Blueprints/Character/FPSCharacter_1002_Normal.ubulk" 607
"F:/UE4Projects/GameWinterWar/Content/_Main/Blueprints/Character/FPSCharacter_1002_Glossiness.uasset" 608
"F:/UE4Projects/GameWinterWar/Content/_Main/Blueprints/Character/FPSCharacter_1002_Glossiness.uexp" 609
"F:/UE4Projects/GameWinterWar/Content/_Main/Blueprints/Character/FPSCharacter_1002_Glossiness.ubulk" 610
"F:/UE4Projects/GameWinterWar/Content/_Main/Blueprints/Character/FPSCharacter_1002_Diffuse.uasset" 611
"F:/UE4Projects/GameWinterWar/Content/_Main/Blueprints/Character/FPSCharacter_1002_Diffuse.uexp" 612
"F:/UE4Projects/GameWinterWar/Content/_Main/Blueprints/Character/FPSCharacter_1002_Diffuse.ubulk" 613
"F:/UE4Projects/GameWinterWar/Content/_Main/Blueprints/Character/FPSCharacter_body1.uasset" 614
"F:/UE4Projects/GameWinterWar/Content/_Main/Blueprints/Character/FPSCharacter_body1.uexp" 615
"F:/UE4Projects/GameWinterWar/Content/_Main/Blueprints/Character/FPSCharacterPhysicsAsset.uasset" 616
"F:/UE4Projects/GameWinterWar/Content/_Main/Blueprints/Character/FPSCharacterPhysicsAsset.uexp" 617
"F:/UE4Projects/GameWinterWar/Content/_Main/Blueprints/Character/FPSCharacterSkeletonMesh.uasset" 618
"F:/UE4Projects/GameWinterWar/Content/_Main/Blueprints/Character/FPSCharacterSkeletonMesh.uexp" 619
"F:/UE4Projects/GameWinterWar/Content/_Main/Blueprints/FPSCharacterController.uasset" 620
"F:/UE4Projects/GameWinterWar/Content/_Main/Blueprints/FPSCharacterController.uexp" 621
"F:/UE4Projects/GameWinterWar/Content/_Main/Blueprints/Character/FPSCharacter.uasset" 622
"F:/UE4Projects/GameWinterWar/Content/_Main/Blueprints/Character/FPSCharacter.uexp" 623
"F:/UE4Projects/GameWinterWar/Content/_Main/Blueprints/Interfaces/Interact_Interface.uasset" 624
"F:/UE4Projects/GameWinterWar/Content/_Main/Blueprints/Interfaces/Interact_Interface.uexp" 625
"F:/UE4Projects/GameWinterWar/Content/FPS_Weapon_Bundle/Weapons/Textures/KA74U/T_KA74U_ALB.uasset" 626
"F:/UE4Projects/GameWinterWar/Content/FPS_Weapon_Bundle/Weapons/Textures/KA74U/T_KA74U_ALB.uexp" 627
"F:/UE4Projects/GameWinterWar/Content/FPS_Weapon_Bundle/Weapons/Textures/KA74U/T_KA74U_ALB.ubulk" 628
"F:/UE4Projects/GameWinterWar/Content/FPS_Weapon_Bundle/Weapons/Textures/KA74U/T_KA74U_M_MSK.uasset" 629
"F:/UE4Projects/GameWinterWar/Content/FPS_Weapon_Bundle/Weapons/Textures/KA74U/T_KA74U_M_MSK.uexp" 630
"F:/UE4Projects/GameWinterWar/Content/FPS_Weapon_Bundle/Weapons/Textures/KA74U/T_KA74U_M_MSK.ubulk" 631
"F:/UE4Projects/GameWinterWar/Content/FPS_Weapon_Bundle/Weapons/Textures/KA74U/T_KA74U_NRM.uasset" 632
"F:/UE4Projects/GameWinterWar/Content/FPS_Weapon_Bundle/Weapons/Textures/KA74U/T_KA74U_NRM.uexp" 633
"F:/UE4Projects/GameWinterWar/Content/FPS_Weapon_Bundle/Weapons/Textures/KA74U/T_KA74U_NRM.ubulk" 634
"F:/UE4Projects/GameWinterWar/Content/FPS_Weapon_Bundle/Weapons/Textures/Patterns/T_Stripes__Pattern.uasset" 635
"F:/UE4Projects/GameWinterWar/Content/FPS_Weapon_Bundle/Weapons/Textures/Patterns/T_Stripes__Pattern.uexp" 636
"F:/UE4Projects/GameWinterWar/Content/FPS_Weapon_Bundle/Weapons/Textures/Patterns/T_Stripes__Pattern.ubulk" 637
"F:/UE4Projects/GameWinterWar/Content/FPS_Weapon_Bundle/Weapons/Materials/Master_Material/M_Weapon_Master_USE.uasset" 638
"F:/UE4Projects/GameWinterWar/Content/FPS_Weapon_Bundle/Weapons/Materials/Master_Material/M_Weapon_Master_USE.uexp" 639
"F:/UE4Projects/GameWinterWar/Content/FPS_Weapon_Bundle/Weapons/Materials/KA74U/M_KA74U.uasset" 640
"F:/UE4Projects/GameWinterWar/Content/FPS_Weapon_Bundle/Weapons/Materials/KA74U/M_KA74U.uexp" 641
"F:/UE4Projects/GameWinterWar/Content/FPS_Weapon_Bundle/Weapons/Meshes/KA74U/SM_KA74U_X.uasset" 642
"F:/UE4Projects/GameWinterWar/Content/FPS_Weapon_Bundle/Weapons/Meshes/KA74U/SM_KA74U_X.uexp" 643
"F:/UE4Projects/GameWinterWar/Content/_Main/Blueprints/Items/Item_Base.uasset" 644
"F:/UE4Projects/GameWinterWar/Content/_Main/Blueprints/Items/Item_Base.uexp" 645
"F:/UE4Projects/GameWinterWar/Content/_Main/Blueprints/FPSGameModeBase.uasset" 646
"F:/UE4Projects/GameWinterWar/Content/_Main/Blueprints/FPSGameModeBase.uexp" 647
"../../../Engine/Content/EngineSky/T_Sky_Stars.uasset" 648
"../../../Engine/Content/EngineSky/T_Sky_Stars.uexp" 649
"../../../Engine/Content/EngineSky/T_Sky_Stars.ubulk" 650
"../../../Engine/Content/EngineSky/T_Sky_Clouds_M.uasset" 651
"../../../Engine/Content/EngineSky/T_Sky_Clouds_M.uexp" 652
"../../../Engine/Content/EngineSky/T_Sky_Clouds_M.ubulk" 653
"../../../Engine/Content/EngineSky/T_Sky_Blue.uasset" 654
"../../../Engine/Content/EngineSky/T_Sky_Blue.uexp" 655
"../../../Engine/Content/EngineSky/T_Sky_Blue.ubulk" 656
"../../../Engine/Content/EngineSky/M_Sky_Panning_Clouds2.uasset" 657
"../../../Engine/Content/EngineSky/M_Sky_Panning_Clouds2.uexp" 658
"../../../Engine/Content/EngineSky/SM_SkySphere.uasset" 659
"../../../Engine/Content/EngineSky/SM_SkySphere.uexp" 660
"../../../Engine/Content/EngineSky/C_Sky_Zenith_Color.uasset" 661
"../../../Engine/Content/EngineSky/C_Sky_Zenith_Color.uexp" 662
"../../../Engine/Content/EngineSky/C_Sky_Horizon_Color.uasset" 663
"../../../Engine/Content/EngineSky/C_Sky_Horizon_Color.uexp" 664
"../../../Engine/Content/EngineSky/C_Sky_Cloud_Color.uasset" 665
"../../../Engine/Content/EngineSky/C_Sky_Cloud_Color.uexp" 666
"../../../Engine/Content/EngineSky/BP_Sky_Sphere.uasset" 667
"../../../Engine/Content/EngineSky/BP_Sky_Sphere.uexp" 668
"F:/UE4Projects/GameWinterWar/Content/_Main/Maps/TestMap.uexp" 669
"F:/UE4Projects/GameWinterWar/Content/_Main/Maps/TestMap.umap" 670
"F:/UE4Projects/GameWinterWar/Content/_Main/Maps/MainMenu_BuiltData.uasset" 671
"F:/UE4Projects/GameWinterWar/Content/_Main/Maps/MainMenu_BuiltData.uexp" 672
"F:/UE4Projects/GameWinterWar/Content/_Main/Maps/MainMenu_BuiltData.ubulk" 673
"F:/UE4Projects/GameWinterWar/Content/WinterWarGameInstance.uasset" 674
"F:/UE4Projects/GameWinterWar/Content/WinterWarGameInstance.uexp" 675
"F:/UE4Projects/GameWinterWar/Content/_Main/MainMenu/Main_Menu_Widget.uasset" 676
"F:/UE4Projects/GameWinterWar/Content/_Main/MainMenu/Main_Menu_Widget.uexp" 677
"F:/UE4Projects/GameWinterWar/Content/_Main/Blueprints/Character/IdleFPSCharacter.uasset" 678
"F:/UE4Projects/GameWinterWar/Content/_Main/Blueprints/Character/IdleFPSCharacter.uexp" 679
"F:/UE4Projects/GameWinterWar/Content/StarterContent/Textures/T_Ground_Grass_N.uasset" 680
"F:/UE4Projects/GameWinterWar/Content/StarterContent/Textures/T_Ground_Grass_N.uexp" 681
"F:/UE4Projects/GameWinterWar/Content/StarterContent/Textures/T_Ground_Grass_N.ubulk" 682
"F:/UE4Projects/GameWinterWar/Content/StarterContent/Textures/T_Ground_Grass_D.uasset" 683
"F:/UE4Projects/GameWinterWar/Content/StarterContent/Textures/T_Ground_Grass_D.uexp" 684
"F:/UE4Projects/GameWinterWar/Content/StarterContent/Textures/T_Ground_Grass_D.ubulk" 685
"F:/UE4Projects/GameWinterWar/Content/StarterContent/Textures/T_Perlin_Noise_M.uasset" 686
"F:/UE4Projects/GameWinterWar/Content/StarterContent/Textures/T_Perlin_Noise_M.uexp" 687
"F:/UE4Projects/GameWinterWar/Content/StarterContent/Textures/T_Perlin_Noise_M.ubulk" 688
"F:/UE4Projects/GameWinterWar/Content/StarterContent/Textures/T_MacroVariation.uasset" 689
"F:/UE4Projects/GameWinterWar/Content/StarterContent/Textures/T_MacroVariation.uexp" 690
"F:/UE4Projects/GameWinterWar/Content/StarterContent/Materials/M_Ground_Grass.uasset" 691
"F:/UE4Projects/GameWinterWar/Content/StarterContent/Materials/M_Ground_Grass.uexp" 692
"F:/UE4Projects/GameWinterWar/Content/_Main/Maps/MainMenu.uexp" 693
"F:/UE4Projects/GameWinterWar/Content/_Main/Maps/MainMenu.umap" 694
"../../../Engine/Content/Maps/Entry_BuiltData.uasset" 695
"../../../Engine/Content/Maps/Entry_BuiltData.uexp" 696
"../../../Engine/Content/Maps/Entry.uexp" 697
"../../../Engine/Content/Maps/Entry.umap" 698
